# JRE version: Java(TM) SE Runtime Environment (8.0_66-b17) (build 1.8.0_66-b17)
# Java VM: Java HotSpot(TM) 64-Bit Server VM (25.66-b17 mixed mode bsd-amd64 compressed oops)
Heap:
 PSYoungGen      total 298496K, used 131561K [0x000000078ab00000, 0x00000007a7b00000, 0x00000007c0000000)
  eden space 220160K, 59% used [0x000000078ab00000,0x0000000792b7a498,0x0000000798200000)
  from space 78336K, 0% used [0x0000000798200000,0x0000000798200000,0x000000079ce80000)
  to   space 84992K, 0% used [0x00000007a2800000,0x00000007a2800000,0x00000007a7b00000)
 ParOldGen       total 296960K, used 99758K [0x0000000720000000, 0x0000000732200000, 0x000000078ab00000)
  object space 296960K, 33% used [0x0000000720000000,0x000000072616b808,0x0000000732200000)
 Metaspace       used 96986K, capacity 110923K, committed 111104K, reserved 1146880K
  class space    used 13211K, capacity 13965K, committed 14080K, reserved 1048576K
GC Heap History (10 events):
Event: 22.927 GC heap before
{Heap before GC invocations=19 (full 5):
 PSYoungGen      total 175616K, used 175588K [0x000000078ab00000, 0x000000079b100000, 0x00000007c0000000)
  eden space 146944K, 100% used [0x000000078ab00000,0x0000000793a80000,0x0000000793a80000)
  from space 28672K, 99% used [0x0000000793a80000,0x0000000795679398,0x0000000795680000)
  to   space 37376K, 0% used [0x0000000798c80000,0x0000000798c80000,0x000000079b100000)
 ParOldGen       total 169984K, used 58233K [0x0000000720000000, 0x000000072a600000, 0x000000078ab00000)
  object space 169984K, 34% used [0x0000000720000000,0x00000007238de638,0x000000072a600000)
 Metaspace       used 80570K, capacity 92321K, committed 92416K, reserved 1130496K
  class space    used 11307K, capacity 11990K, committed 12032K, reserved 1048576K
Event: 23.010 GC heap after
Heap after GC invocations=19 (full 5):
 PSYoungGen      total 217600K, used 37354K [0x000000078ab00000, 0x000000079c880000, 0x00000007c0000000)
  eden space 180224K, 0% used [0x000000078ab00000,0x000000078ab00000,0x0000000795b00000)
  from space 37376K, 99% used [0x0000000798c80000,0x000000079b0fa870,0x000000079b100000)
  to   space 50688K, 0% used [0x0000000795b00000,0x0000000795b00000,0x0000000798c80000)
 ParOldGen       total 169984K, used 78077K [0x0000000720000000, 0x000000072a600000, 0x000000078ab00000)
  object space 169984K, 45% used [0x0000000720000000,0x0000000724c3f710,0x000000072a600000)
 Metaspace       used 80570K, capacity 92321K, committed 92416K, reserved 1130496K
  class space    used 11307K, capacity 11990K, committed 12032K, reserved 1048576K
}
Event: 26.542 GC heap before
{Heap before GC invocations=20 (full 5):
 PSYoungGen      total 217600K, used 217578K [0x000000078ab00000, 0x000000079c880000, 0x00000007c0000000)
  eden space 180224K, 100% used [0x000000078ab00000,0x0000000795b00000,0x0000000795b00000)
  from space 37376K, 99% used [0x0000000798c80000,0x000000079b0fa870,0x000000079b100000)
  to   space 50688K, 0% used [0x0000000795b00000,0x0000000795b00000,0x0000000798c80000)
 ParOldGen       total 169984K, used 78077K [0x0000000720000000, 0x000000072a600000, 0x000000078ab00000)
  object space 169984K, 45% used [0x0000000720000000,0x0000000724c3f710,0x000000072a600000)
 Metaspace       used 87932K, capacity 100685K, committed 100736K, reserved 1136640K
  class space    used 12180K, capacity 12898K, committed 12928K, reserved 1048576K
Event: 26.640 GC heap after
Heap after GC invocations=20 (full 5):
 PSYoungGen      total 230912K, used 50668K [0x000000078ab00000, 0x00000007a0d00000, 0x00000007c0000000)
  eden space 180224K, 0% used [0x000000078ab00000,0x000000078ab00000,0x0000000795b00000)
  from space 50688K, 99% used [0x0000000795b00000,0x0000000798c7b2e0,0x0000000798c80000)
  to   space 64000K, 0% used [0x000000079ce80000,0x000000079ce80000,0x00000007a0d00000)
 ParOldGen       total 169984K, used 90522K [0x0000000720000000, 0x000000072a600000, 0x000000078ab00000)
  object space 169984K, 53% used [0x0000000720000000,0x0000000725866be8,0x000000072a600000)
 Metaspace       used 87932K, capacity 100685K, committed 100736K, reserved 1136640K
  class space    used 12180K, capacity 12898K, committed 12928K, reserved 1048576K
}
Event: 28.011 GC heap before
{Heap before GC invocations=21 (full 5):
 PSYoungGen      total 230912K, used 230892K [0x000000078ab00000, 0x00000007a0d00000, 0x00000007c0000000)
  eden space 180224K, 100% used [0x000000078ab00000,0x0000000795b00000,0x0000000795b00000)
  from space 50688K, 99% used [0x0000000795b00000,0x0000000798c7b2e0,0x0000000798c80000)
  to   space 64000K, 0% used [0x000000079ce80000,0x000000079ce80000,0x00000007a0d00000)
 ParOldGen       total 169984K, used 90522K [0x0000000720000000, 0x000000072a600000, 0x000000078ab00000)
  object space 169984K, 53% used [0x0000000720000000,0x0000000725866be8,0x000000072a600000)
 Metaspace       used 89835K, capacity 103621K, committed 103936K, reserved 1140736K
  class space    used 12536K, capacity 13286K, committed 13312K, reserved 1048576K
Event: 28.130 GC heap after
Heap after GC invocations=21 (full 5):
 PSYoungGen      total 284160K, used 63985K [0x000000078ab00000, 0x00000007a3480000, 0x00000007c0000000)
  eden space 220160K, 0% used [0x000000078ab00000,0x000000078ab00000,0x0000000798200000)
  from space 64000K, 99% used [0x000000079ce80000,0x00000007a0cfc4d8,0x00000007a0d00000)
  to   space 78336K, 0% used [0x0000000798200000,0x0000000798200000,0x000000079ce80000)
 ParOldGen       total 169984K, used 99713K [0x0000000720000000, 0x000000072a600000, 0x000000078ab00000)
  object space 169984K, 58% used [0x0000000720000000,0x00000007261607d8,0x000000072a600000)
 Metaspace       used 89835K, capacity 103621K, committed 103936K, reserved 1140736K
  class space    used 12536K, capacity 13286K, committed 13312K, reserved 1048576K
}
Event: 29.283 GC heap before
{Heap before GC invocations=22 (full 5):
 PSYoungGen      total 284160K, used 155007K [0x000000078ab00000, 0x00000007a3480000, 0x00000007c0000000)
  eden space 220160K, 41% used [0x000000078ab00000,0x00000007903e39a8,0x0000000798200000)
  from space 64000K, 99% used [0x000000079ce80000,0x00000007a0cfc4d8,0x00000007a0d00000)
  to   space 78336K, 0% used [0x0000000798200000,0x0000000798200000,0x000000079ce80000)
 ParOldGen       total 169984K, used 99713K [0x0000000720000000, 0x000000072a600000, 0x000000078ab00000)
  object space 169984K, 58% used [0x0000000720000000,0x00000007261607d8,0x000000072a600000)
 Metaspace       used 92419K, capacity 106195K, committed 106240K, reserved 1142784K
  class space    used 12774K, capacity 13541K, committed 13568K, reserved 1048576K
Event: 29.367 GC heap after
Heap after GC invocations=22 (full 5):
 PSYoungGen      total 298496K, used 59860K [0x000000078ab00000, 0x00000007a7b00000, 0x00000007c0000000)
  eden space 220160K, 0% used [0x000000078ab00000,0x000000078ab00000,0x0000000798200000)
  from space 78336K, 76% used [0x0000000798200000,0x000000079bc75010,0x000000079ce80000)
  to   space 84992K, 0% used [0x00000007a2800000,0x00000007a2800000,0x00000007a7b00000)
 ParOldGen       total 169984K, used 99721K [0x0000000720000000, 0x000000072a600000, 0x000000078ab00000)
  object space 169984K, 58% used [0x0000000720000000,0x00000007261627d8,0x000000072a600000)
 Metaspace       used 92419K, capacity 106195K, committed 106240K, reserved 1142784K
  class space    used 12774K, capacity 13541K, committed 13568K, reserved 1048576K
}
Event: 29.367 GC heap before
{Heap before GC invocations=23 (full 6):
 PSYoungGen      total 298496K, used 59860K [0x000000078ab00000, 0x00000007a7b00000, 0x00000007c0000000)
  eden space 220160K, 0% used [0x000000078ab00000,0x000000078ab00000,0x0000000798200000)
  from space 78336K, 76% used [0x0000000798200000,0x000000079bc75010,0x000000079ce80000)
  to   space 84992K, 0% used [0x00000007a2800000,0x00000007a2800000,0x00000007a7b00000)
 ParOldGen       total 169984K, used 99721K [0x0000000720000000, 0x000000072a600000, 0x000000078ab00000)
  object space 169984K, 58% used [0x0000000720000000,0x00000007261627d8,0x000000072a600000)
 Metaspace       used 92419K, capacity 106195K, committed 106240K, reserved 1142784K
  class space    used 12774K, capacity 13541K, committed 13568K, reserved 1048576K
Event: 29.829 GC heap after
Heap after GC invocations=23 (full 6):
 PSYoungGen      total 298496K, used 0K [0x000000078ab00000, 0x00000007a7b00000, 0x00000007c0000000)
  eden space 220160K, 0% used [0x000000078ab00000,0x000000078ab00000,0x0000000798200000)
  from space 78336K, 0% used [0x0000000798200000,0x0000000798200000,0x000000079ce80000)
  to   space 84992K, 0% used [0x00000007a2800000,0x00000007a2800000,0x00000007a7b00000)
 ParOldGen       total 296960K, used 99758K [0x0000000720000000, 0x0000000732200000, 0x000000078ab00000)
  object space 296960K, 33% used [0x0000000720000000,0x000000072616b808,0x0000000732200000)
 Metaspace       used 91965K, capacity 105571K, committed 106240K, reserved 1142784K
  class space    used 12699K, capacity 13430K, committed 13568K, reserved 1048576K
}

